# JRE version: OpenJDK Runtime Environment JBR-21.0.5+8-631.16-nomod (21.0.5+8) (build 21.0.5+8-b631.16)
# Java VM: OpenJDK 64-Bit Server VM JBR-21.0.5+8-631.16-nomod (21.0.5+8-b631.16, mixed mode, tiered, compressed oops, compressed class ptrs, g1 gc, windows-amd64)
GC Precious Log:
 CardTable entry size: 512
 Card Set container configuration: InlinePtr #cards 5 size 8 Array Of Cards #cards 12 size 40 Howl #buckets 4 coarsen threshold 1843 Howl Bitmap #cards 512 size 80 coarsen threshold 460 Card regions per heap region 1 cards per card region 2048
 CPUs: 20 total, 20 available
 Memory: 16110M
 Large Page Support: Disabled
 NUMA Support: Disabled
 Compressed Oops: Enabled (32-bit)
 Heap Region Size: 1M
 Heap Min Capacity: 8M
 Heap Initial Capacity: 252M
 Heap Max Capacity: 1G
 Pre-touch: Disabled
 Parallel Workers: 15
 Concurrent Workers: 4
 Concurrent Refinement Workers: 15
 Periodic GC: Disabled
Heap:
 garbage-first heap   total 345088K, used 195626K [0x00000000c0000000, 0x0000000100000000)
  region size 1024K, 21 young (21504K), 8 survivors (8192K)
 Metaspace       used 203305K, committed 206848K, reserved 1245184K
  class space    used 24679K, committed 26176K, reserved 1048576K
GC Heap History (20 events):
Event: 1037.527 GC heap before
{Heap before GC invocations=152 (full 5):
 garbage-first heap   total 283648K, used 258928K [0x00000000c0000000, 0x0000000100000000)
  region size 1024K, 96 young (98304K), 3 survivors (3072K)
 Metaspace       used 203361K, committed 206592K, reserved 1245184K
  class space    used 24819K, committed 26176K, reserved 1048576K
}
Event: 1037.537 GC heap after
{Heap after GC invocations=153 (full 5):
 garbage-first heap   total 283648K, used 164972K [0x00000000c0000000, 0x0000000100000000)
  region size 1024K, 3 young (3072K), 3 survivors (3072K)
 Metaspace       used 203361K, committed 206592K, reserved 1245184K
  class space    used 24819K, committed 26176K, reserved 1048576K
}
Event: 1425.345 GC heap before
{Heap before GC invocations=153 (full 5):
 garbage-first heap   total 283648K, used 259180K [0x00000000c0000000, 0x0000000100000000)
  region size 1024K, 96 young (98304K), 3 survivors (3072K)
 Metaspace       used 203408K, committed 206656K, reserved 1245184K
  class space    used 24819K, committed 26176K, reserved 1048576K
}
Event: 1425.351 GC heap after
{Heap after GC invocations=154 (full 5):
 garbage-first heap   total 283648K, used 164174K [0x00000000c0000000, 0x0000000100000000)
  region size 1024K, 2 young (2048K), 2 survivors (2048K)
 Metaspace       used 203408K, committed 206656K, reserved 1245184K
  class space    used 24819K, committed 26176K, reserved 1048576K
}
Event: 1647.692 GC heap before
{Heap before GC invocations=155 (full 5):
 garbage-first heap   total 283648K, used 260430K [0x00000000c0000000, 0x0000000100000000)
  region size 1024K, 97 young (99328K), 2 survivors (2048K)
 Metaspace       used 202910K, committed 206656K, reserved 1245184K
  class space    used 24648K, committed 26176K, reserved 1048576K
}
Event: 1647.701 GC heap after
{Heap after GC invocations=156 (full 5):
 garbage-first heap   total 283648K, used 165885K [0x00000000c0000000, 0x0000000100000000)
  region size 1024K, 4 young (4096K), 4 survivors (4096K)
 Metaspace       used 202910K, committed 206656K, reserved 1245184K
  class space    used 24648K, committed 26176K, reserved 1048576K
}
Event: 1848.388 GC heap before
{Heap before GC invocations=156 (full 5):
 garbage-first heap   total 283648K, used 258045K [0x00000000c0000000, 0x0000000100000000)
  region size 1024K, 95 young (97280K), 4 survivors (4096K)
 Metaspace       used 202932K, committed 206656K, reserved 1245184K
  class space    used 24648K, committed 26176K, reserved 1048576K
}
Event: 1848.395 GC heap after
{Heap after GC invocations=157 (full 5):
 garbage-first heap   total 283648K, used 165752K [0x00000000c0000000, 0x0000000100000000)
  region size 1024K, 4 young (4096K), 4 survivors (4096K)
 Metaspace       used 202932K, committed 206656K, reserved 1245184K
  class space    used 24648K, committed 26176K, reserved 1048576K
}
Event: 2369.149 GC heap before
{Heap before GC invocations=157 (full 5):
 garbage-first heap   total 283648K, used 259960K [0x00000000c0000000, 0x0000000100000000)
  region size 1024K, 97 young (99328K), 4 survivors (4096K)
 Metaspace       used 202954K, committed 206656K, reserved 1245184K
  class space    used 24648K, committed 26176K, reserved 1048576K
}
Event: 2369.154 GC heap after
{Heap after GC invocations=158 (full 5):
 garbage-first heap   total 283648K, used 164915K [0x00000000c0000000, 0x0000000100000000)
  region size 1024K, 4 young (4096K), 4 survivors (4096K)
 Metaspace       used 202954K, committed 206656K, reserved 1245184K
  class space    used 24648K, committed 26176K, reserved 1048576K
}
Event: 2625.770 GC heap before
{Heap before GC invocations=159 (full 5):
 garbage-first heap   total 283648K, used 259123K [0x00000000c0000000, 0x0000000100000000)
  region size 1024K, 97 young (99328K), 4 survivors (4096K)
 Metaspace       used 202976K, committed 206656K, reserved 1245184K
  class space    used 24650K, committed 26176K, reserved 1048576K
}
Event: 2625.779 GC heap after
{Heap after GC invocations=160 (full 5):
 garbage-first heap   total 283648K, used 165343K [0x00000000c0000000, 0x0000000100000000)
  region size 1024K, 4 young (4096K), 4 survivors (4096K)
 Metaspace       used 202976K, committed 206656K, reserved 1245184K
  class space    used 24650K, committed 26176K, reserved 1048576K
}
Event: 2730.734 GC heap before
{Heap before GC invocations=160 (full 5):
 garbage-first heap   total 283648K, used 259551K [0x00000000c0000000, 0x0000000100000000)
  region size 1024K, 97 young (99328K), 4 survivors (4096K)
 Metaspace       used 203060K, committed 206656K, reserved 1245184K
  class space    used 24650K, committed 26176K, reserved 1048576K
}
Event: 2730.740 GC heap after
{Heap after GC invocations=161 (full 5):
 garbage-first heap   total 283648K, used 166366K [0x00000000c0000000, 0x0000000100000000)
  region size 1024K, 5 young (5120K), 5 survivors (5120K)
 Metaspace       used 203060K, committed 206656K, reserved 1245184K
  class space    used 24650K, committed 26176K, reserved 1048576K
}
Event: 2785.744 GC heap before
{Heap before GC invocations=161 (full 5):
 garbage-first heap   total 283648K, used 220638K [0x00000000c0000000, 0x0000000100000000)
  region size 1024K, 60 young (61440K), 5 survivors (5120K)
 Metaspace       used 203135K, committed 206720K, reserved 1245184K
  class space    used 24664K, committed 26176K, reserved 1048576K
}
Event: 2785.754 GC heap after
{Heap after GC invocations=162 (full 5):
 garbage-first heap   total 283648K, used 168617K [0x00000000c0000000, 0x0000000100000000)
  region size 1024K, 8 young (8192K), 8 survivors (8192K)
 Metaspace       used 203135K, committed 206720K, reserved 1245184K
  class space    used 24664K, committed 26176K, reserved 1048576K
}
Event: 2786.186 GC heap before
{Heap before GC invocations=163 (full 5):
 garbage-first heap   total 332800K, used 329385K [0x00000000c0000000, 0x0000000100000000)
  region size 1024K, 76 young (77824K), 8 survivors (8192K)
 Metaspace       used 203186K, committed 206784K, reserved 1245184K
  class space    used 24671K, committed 26176K, reserved 1048576K
}
Event: 2786.198 GC heap after
{Heap after GC invocations=164 (full 5):
 garbage-first heap   total 345088K, used 187639K [0x00000000c0000000, 0x0000000100000000)
  region size 1024K, 11 young (11264K), 11 survivors (11264K)
 Metaspace       used 203186K, committed 206784K, reserved 1245184K
  class space    used 24671K, committed 26176K, reserved 1048576K
}
Event: 2788.912 GC heap before
{Heap before GC invocations=164 (full 5):
 garbage-first heap   total 345088K, used 313591K [0x00000000c0000000, 0x0000000100000000)
  region size 1024K, 134 young (137216K), 11 survivors (11264K)
 Metaspace       used 203216K, committed 206784K, reserved 1245184K
  class space    used 24672K, committed 26176K, reserved 1048576K
}
Event: 2788.918 GC heap after
{Heap after GC invocations=165 (full 5):
 garbage-first heap   total 345088K, used 184362K [0x00000000c0000000, 0x0000000100000000)
  region size 1024K, 8 young (8192K), 8 survivors (8192K)
 Metaspace       used 203216K, committed 206784K, reserved 1245184K
  class space    used 24672K, committed 26176K, reserved 1048576K
}

